d:\onedrive\estudios\uni\curso_2\graficos\practica6\visual_studio\x64\debug\vc142.pdb
d:\onedrive\estudios\uni\curso_2\graficos\practica6\visual_studio\x64\debug\vc142.idb
d:\onedrive\estudios\uni\curso_2\graficos\practica6\visual_studio\x64\debug\shader.obj
d:\onedrive\estudios\uni\curso_2\graficos\practica6\visual_studio\x64\debug\main.obj
d:\onedrive\estudios\uni\curso_2\graficos\practica6\visual_studio\x64\debug\glfunctions.obj
d:\onedrive\estudios\uni\curso_2\graficos\practica6\visual_studio\x64\debug\imageloader.obj
d:\onedrive\estudios\uni\curso_2\graficos\practica7\visual_studio\x64\debug\vc142.pdb
d:\onedrive\estudios\uni\curso_2\graficos\practica7\visual_studio\x64\debug\vc142.idb
d:\onedrive\estudios\uni\curso_2\graficos\practica7\visual_studio\x64\debug\main.obj
d:\onedrive\estudios\uni\curso_2\graficos\practica7\visual_studio\x64\debug\imageloader.obj
d:\onedrive\estudios\uni\curso_2\graficos\practica7\visual_studio\x64\debug\glfunctions.obj
d:\onedrive\estudios\uni\curso_2\graficos\practica7\visual_studio\x64\debug\shader.obj
d:\onedrive\estudios\uni\curso_2\graficos\practica6\graphics_1.exe
d:\onedrive\estudios\uni\curso_2\graficos\practica6\graphics_1.ilk
d:\onedrive\estudios\uni\curso_2\graficos\practica6\graphics_1.pdb
d:\onedrive\estudios\uni\curso_2\graficos\practica7\graphics_1.exe
d:\onedrive\estudios\uni\curso_2\graficos\practica7\graphics_1.ilk
d:\onedrive\estudios\uni\curso_2\graficos\practica7\graphics_1.pdb
d:\onedrive\estudios\uni\curso_2\graficos\practica7\visual_studio\..\graphics_1.exe
d:\onedrive\estudios\uni\curso_2\graficos\practica7\visual_studio\x64\debug\graphics_1.tlog\cl.command.1.tlog
d:\onedrive\estudios\uni\curso_2\graficos\practica7\visual_studio\x64\debug\graphics_1.tlog\cl.read.1.tlog
d:\onedrive\estudios\uni\curso_2\graficos\practica7\visual_studio\x64\debug\graphics_1.tlog\cl.write.1.tlog
d:\onedrive\estudios\uni\curso_2\graficos\practica7\visual_studio\x64\debug\graphics_1.tlog\link.command.1.tlog
d:\onedrive\estudios\uni\curso_2\graficos\practica7\visual_studio\x64\debug\graphics_1.tlog\link.read.1.tlog
d:\onedrive\estudios\uni\curso_2\graficos\practica7\visual_studio\x64\debug\graphics_1.tlog\link.write.1.tlog
